<?xml version="1.0" encoding="UTF-8"?>
<!-- Generated by org.testng.reporters.JUnitReportReporter -->
<testsuite hostname="DESKTOP-8SKARJ9" failures="0" tests="13" name="com.bookswagon.qa.testcases.HomePageTest" time="117.347" errors="0" timestamp="2022-03-28T03:47:09 IST" skipped="0">
  <testcase classname="com.bookswagon.qa.testcases.HomePageTest" name="test_HomePageTitle" time="6.250"/>
  <system-out/>
  <testcase classname="com.bookswagon.qa.testcases.HomePageTest" name="test_CorrectUserName_IsDisplayed" time="6.749"/>
  <system-out/>
  <testcase classname="com.bookswagon.qa.testcases.HomePageTest" name="test_ClickOn_Books" time="6.120"/>
  <system-out/>
  <testcase classname="com.bookswagon.qa.testcases.HomePageTest" name="test_ClickOn_NewArrivals" time="7.833"/>
  <system-out/>
  <testcase classname="com.bookswagon.qa.testcases.HomePageTest" name="test_ClickOn_PreOrder" time="7.085"/>
  <system-out/>
  <testcase classname="com.bookswagon.qa.testcases.HomePageTest" name="test_ClickOn_BestSeller" time="10.139"/>
  <system-out/>
  <testcase classname="com.bookswagon.qa.testcases.HomePageTest" name="test_ClickOn_TextBook" time="6.751"/>
  <system-out/>
  <testcase classname="com.bookswagon.qa.testcases.HomePageTest" name="test_ClickOn_AwardWinners" time="7.245"/>
  <system-out/>
  <testcase classname="com.bookswagon.qa.testcases.HomePageTest" name="test_ClickOn_FeaturedAuthors" time="7.882"/>
  <system-out/>
  <testcase classname="com.bookswagon.qa.testcases.HomePageTest" name="test_ScrollUsingJSE" time="26.146"/>
  <system-out/>
  <testcase classname="com.bookswagon.qa.testcases.HomePageTest" name="test_SelectBookByCategory" time="8.397"/>
  <system-out/>
  <testcase classname="com.bookswagon.qa.testcases.HomePageTest" name="test_searchBookName" time="7.246"/>
  <system-out/>
  <testcase classname="com.bookswagon.qa.testcases.HomePageTest" name="test_HomeButton" time="9.504"/>
  <system-out/>
</testsuite> <!-- com.bookswagon.qa.testcases.HomePageTest -->
