<?xml version="1.0" encoding="UTF-8"?>
<!-- Generated by org.testng.reporters.JUnitReportReporter -->
<testsuite hostname="DESKTOP-8SKARJ9" failures="0" tests="7" name="com.bookswagon.qa.testcases.LoginPageTest" time="44.152" errors="0" timestamp="2022-03-28T03:47:09 IST" skipped="0">
  <testcase classname="com.bookswagon.qa.testcases.LoginPageTest" name="multipleLoginTest" time="6.200"/>
  <system-out/>
  <testcase classname="com.bookswagon.qa.testcases.LoginPageTest" name="testLogin" time="6.414"/>
  <system-out/>
  <testcase classname="com.bookswagon.qa.testcases.LoginPageTest" name="multipleLoginTest" time="5.956"/>
  <system-out/>
  <testcase classname="com.bookswagon.qa.testcases.LoginPageTest" name="multipleLoginTest" time="6.207"/>
  <system-out/>
  <testcase classname="com.bookswagon.qa.testcases.LoginPageTest" name="multipleLoginTest" time="5.693"/>
  <system-out/>
  <testcase classname="com.bookswagon.qa.testcases.LoginPageTest" name="testPageTitle" time="4.276"/>
  <system-out/>
  <testcase classname="com.bookswagon.qa.testcases.LoginPageTest" name="multipleLoginTest" time="9.406"/>
  <system-out/>
</testsuite> <!-- com.bookswagon.qa.testcases.LoginPageTest -->
