<?xml version="1.0" encoding="UTF-8"?>
<!-- Generated by org.testng.reporters.JUnitReportReporter -->
<testsuite hostname="DESKTOP-8SKARJ9" failures="0" tests="6" name="com.bookswagon.qa.testcases.ProfileTest" time="45.967" errors="0" timestamp="2022-03-28T03:47:09 IST" skipped="0">
  <testcase classname="com.bookswagon.qa.testcases.ProfileTest" name="test_MyProfilePage" time="7.526"/>
  <system-out/>
  <testcase classname="com.bookswagon.qa.testcases.ProfileTest" name="test_MyOrdersPage" time="7.371"/>
  <system-out/>
  <testcase classname="com.bookswagon.qa.testcases.ProfileTest" name="test_MyWishlistPage" time="10.297"/>
  <system-out/>
  <testcase classname="com.bookswagon.qa.testcases.ProfileTest" name="test_MyGiftCenterPage" time="7.022"/>
  <system-out/>
  <testcase classname="com.bookswagon.qa.testcases.ProfileTest" name="test_ChangeAddress" time="6.843"/>
  <system-out/>
  <testcase classname="com.bookswagon.qa.testcases.ProfileTest" name="test_ChangePwd" time="6.908"/>
  <system-out/>
</testsuite> <!-- com.bookswagon.qa.testcases.ProfileTest -->
