<?xml version="1.0" encoding="UTF-8"?>
<!-- Generated by org.testng.reporters.JUnitReportReporter -->
<testsuite hostname="DESKTOP-8SKARJ9" failures="0" tests="1" name="com.bookswagon.qa.testcases.LogoutPageTest" time="7.101" errors="0" timestamp="2022-03-28T03:47:09 IST" skipped="0">
  <testcase classname="com.bookswagon.qa.testcases.LogoutPageTest" name="test_Logout" time="7.101"/>
  <system-out/>
</testsuite> <!-- com.bookswagon.qa.testcases.LogoutPageTest -->
