<?xml version="1.0" encoding="UTF-8"?>
<!-- Generated by org.testng.reporters.JUnitReportReporter -->
<testsuite hostname="DESKTOP-8SKARJ9" failures="0" tests="1" name="com.bookswagon.qa.testcases.OrderTest" time="8.094" errors="0" timestamp="2022-03-28T03:47:09 IST" skipped="0">
  <testcase classname="com.bookswagon.qa.testcases.OrderTest" name="test_PlaceOrder" time="8.094"/>
  <system-out/>
</testsuite> <!-- com.bookswagon.qa.testcases.OrderTest -->
